{"D:\\MyStuff\\git-repos2\\webpack-mfe-template\\src\\App.tsx": {"path":"D:\\MyStuff\\git-repos2\\webpack-mfe-template\\src\\App.tsx","statementMap":{"0":{"start":{"line":4,"column":12},"end":{"line":9,"column":1}},"1":{"start":{"line":5,"column":2},"end":{"line":8,"column":8}}},"fnMap":{"0":{"name":"(anonymous_0)","decl":{"start":{"line":4,"column":12},"end":{"line":4,"column":13}},"loc":{"start":{"line":5,"column":2},"end":{"line":8,"column":8}},"line":5}},"branchMap":{},"s":{"0":1,"1":1},"f":{"0":1},"b":{},"_coverageSchema":"1a1c01bbd47fc00a2c39e90264f33305004495a9","hash":"0aba7f1ff95d8a967baf052fff0828fe75639e46"}
,"D:\\MyStuff\\git-repos2\\webpack-mfe-template\\src\\Utils.js": {"path":"D:\\MyStuff\\git-repos2\\webpack-mfe-template\\src\\Utils.js","statementMap":{"0":{"start":{"line":2,"column":4},"end":{"line":2,"column":17}},"1":{"start":{"line":5,"column":0},"end":{"line":5,"column":31}}},"fnMap":{"0":{"name":"addTwoNumbers","decl":{"start":{"line":1,"column":9},"end":{"line":1,"column":22}},"loc":{"start":{"line":1,"column":29},"end":{"line":3,"column":1}},"line":1}},"branchMap":{},"s":{"0":1,"1":1},"f":{"0":1},"b":{},"_coverageSchema":"1a1c01bbd47fc00a2c39e90264f33305004495a9","hash":"840b3cc21fa2b05633775c114692afbfac78a4e5"}
}
